<?xml version="1.0" encoding="UTF-8"?>
<testng-results skipped="0" failed="0" ignored="0" total="1" passed="1">
  <reporter-output>
  </reporter-output>
  <suite name="Default suite" duration-ms="55" started-at="2021-08-30T10:02:21 IST" finished-at="2021-08-30T10:02:21 IST">
    <groups>
    </groups>
    <test name="Default test" duration-ms="55" started-at="2021-08-30T10:02:21 IST" finished-at="2021-08-30T10:02:21 IST">
      <class name="testngpackage.TestNGweek7">
        <test-method status="PASS" signature="beforeTest()[pri:0, instance:testngpackage.TestNGweek7@612679d6]" name="beforeTest" is-config="true" duration-ms="11" started-at="2021-08-30T10:02:21 IST" finished-at="2021-08-30T10:02:21 IST">
          <reporter-output>
          </reporter-output>
        </test-method> <!-- beforeTest -->
        <test-method status="PASS" signature="beforeClass()[pri:0, instance:testngpackage.TestNGweek7@612679d6]" name="beforeClass" is-config="true" duration-ms="0" started-at="2021-08-30T10:02:21 IST" finished-at="2021-08-30T10:02:21 IST">
          <reporter-output>
          </reporter-output>
        </test-method> <!-- beforeClass -->
        <test-method status="PASS" signature="beforeMethod()[pri:0, instance:testngpackage.TestNGweek7@612679d6]" name="beforeMethod" is-config="true" duration-ms="1" started-at="2021-08-30T10:02:21 IST" finished-at="2021-08-30T10:02:21 IST">
          <reporter-output>
          </reporter-output>
        </test-method> <!-- beforeMethod -->
        <test-method status="PASS" signature="f()[pri:0, instance:testngpackage.TestNGweek7@612679d6]" name="f" duration-ms="5" started-at="2021-08-30T10:02:21 IST" finished-at="2021-08-30T10:02:21 IST">
          <reporter-output>
          </reporter-output>
        </test-method> <!-- f -->
        <test-method status="PASS" signature="afterMethod()[pri:0, instance:testngpackage.TestNGweek7@612679d6]" name="afterMethod" is-config="true" duration-ms="0" started-at="2021-08-30T10:02:21 IST" finished-at="2021-08-30T10:02:21 IST">
          <reporter-output>
          </reporter-output>
        </test-method> <!-- afterMethod -->
        <test-method status="PASS" signature="afterClass()[pri:0, instance:testngpackage.TestNGweek7@612679d6]" name="afterClass" is-config="true" duration-ms="0" started-at="2021-08-30T10:02:21 IST" finished-at="2021-08-30T10:02:21 IST">
          <reporter-output>
          </reporter-output>
        </test-method> <!-- afterClass -->
        <test-method status="PASS" signature="afterTest()[pri:0, instance:testngpackage.TestNGweek7@612679d6]" name="afterTest" is-config="true" duration-ms="0" started-at="2021-08-30T10:02:21 IST" finished-at="2021-08-30T10:02:21 IST">
          <reporter-output>
          </reporter-output>
        </test-method> <!-- afterTest -->
      </class> <!-- testngpackage.TestNGweek7 -->
    </test> <!-- Default test -->
  </suite> <!-- Default suite -->
</testng-results>
